#
# There is insufficient memory for the Java Runtime Environment to continue.
# Native memory allocation (malloc) failed to allocate 1048576 bytes for AllocateHeap
# Possible reasons:
#   The system is out of physical RAM or swap space
#   The process is running with CompressedOops enabled, and the Java Heap may be blocking the growth of the native heap
# Possible solutions:
#   Reduce memory load on the system
#   Increase physical memory or swap space
#   Check if swap backing store is full
#   Decrease Java heap size (-Xmx/-Xms)
#   Decrease number of Java threads
#   Decrease Java thread stack sizes (-Xss)
#   Set larger code cache with -XX:ReservedCodeCacheSize=
#   JVM is running with Unscaled Compressed Oops mode in which the Java heap is
#     placed in the first 4GB address space. The Java Heap base address is the
#     maximum limit for the native heap growth. Please use -XX:HeapBaseMinAddress
#     to set the Java Heap base and to place the Java Heap above 4GB virtual address.
# This output file may be truncated or incomplete.
#
#  Out of Memory Error (allocation.cpp:44), pid=4700, tid=1680
#
# JRE version:  (20.0.2+9) (build )
# Java VM: OpenJDK 64-Bit Server VM (20.0.2+9-78, mixed mode, sharing, tiered, compressed oops, compressed class ptrs, g1 gc, windows-amd64)
# No core dump will be written. Minidumps are not enabled by default on client versions of Windows
#

---------------  S U M M A R Y ------------

Command Line: -Dorg.gradle.internal.worker.tmpdir=C:\GradleProjects\Triangle-Tools\Triangle.Compiler\build\tmp\test\work -Dorg.gradle.native=false -Xmx512m -Dfile.encoding=UTF-8 -Duser.country=GB -Duser.language=en -Duser.variant -ea worker.org.gradle.process.internal.worker.GradleWorkerMain 'Gradle Test Executor 4'

Host: Intel(R) Core(TM) i7-6700 CPU @ 3.40GHz, 8 cores, 7G,  Windows 10 , 64 bit Build 19041 (10.0.19041.3393)
Time: Wed Sep 27 10:58:17 2023 GMT Daylight Time elapsed time: 0.010543 seconds (0d 0h 0m 0s)

---------------  T H R E A D  ---------------

Current thread (0x0000023b90c6c0e0):  JavaThread "Unknown thread" [_thread_in_vm, id=1680, stack(0x0000008f9c200000,0x0000008f9c300000)]

Stack: [0x0000008f9c200000,0x0000008f9c300000]
Native frames: (J=compiled Java code, j=interpreted, Vv=VM code, C=native code)
V  [jvm.dll+0x6bc25a]
V  [jvm.dll+0x84971a]
V  [jvm.dll+0x84b315]
V  [jvm.dll+0x84ba13]
V  [jvm.dll+0x280e4f]
V  [jvm.dll+0xbce65]
V  [jvm.dll+0x3294c5]
V  [jvm.dll+0x8123aa]
V  [jvm.dll+0x3c1261]
V  [jvm.dll+0x7fe103]
V  [jvm.dll+0x44ccaf]
V  [jvm.dll+0x44e621]
C  [jli.dll+0x5287]
C  [ucrtbase.dll+0x21bb2]
C  [KERNEL32.DLL+0x17344]
C  [ntdll.dll+0x526b1]


---------------  P R O C E S S  ---------------

Threads class SMR info:
_java_thread_list=0x00007ffcfedfb118, length=0, elements={
}

Java Threads: ( => current thread )

Other Threads:

=>0x0000023b90c6c0e0 (exited) JavaThread "Unknown thread" [_thread_in_vm, id=1680, stack(0x0000008f9c200000,0x0000008f9c300000)]

Threads with active compile tasks:

VM state: not at safepoint (not fully initialized)

VM Mutex/Monitor currently owned by a thread: None

Heap address: 0x0000000000000000, size: 0 MB, Compressed Oops mode: 32-bit

CDS archive(s) mapped at: [0x0000000000000000-0x0000000000000000-0x0000000000000000), size 0, SharedBaseAddress: 0x0000000800000000, ArchiveRelocationMode: 1.
Narrow klass base: 0x0000000000000000, Narrow klass shift: 0, Narrow klass range: 0x0

GC Precious Log:
 CardTable entry size: 512
 Card Set container configuration: InlinePtr #cards 5 size 8 Array Of Cards #cards 12 size 40 Howl #buckets 4 coarsen threshold 1843 Howl Bitmap #cards 512 size 80 coarsen threshold 460 Card regions per heap region 1 cards per card region 2048

GC Heap History (0 events):
No events

Dll operation events (1 events):
Event: 0.006 Loaded shared library C:\Program Files\Java\jdk-20.0.2\bin\java.dll

Deoptimization events (0 events):
No events

Classes loaded (0 events):
No events

Classes unloaded (0 events):
No events

Classes redefined (0 events):
No events

Internal exceptions (0 events):
No events

VM Operations (0 events):
No events

Events (0 events):
No events


Dynamic libraries:
0x00007ff701050000 - 0x00007ff70105e000 	C:\Program Files\Java\jdk-20.0.2\bin\java.exe
0x00007ffd623b0000 - 0x00007ffd625a8000 	C:\WINDOWS\SYSTEM32\ntdll.dll
0x00007ffd60980000 - 0x00007ffd60a3d000 	C:\WINDOWS\System32\KERNEL32.DLL
0x00007ffd5ffe0000 - 0x00007ffd602d6000 	C:\WINDOWS\System32\KERNELBASE.dll
0x00007ffd5fbf0000 - 0x00007ffd5fcf0000 	C:\WINDOWS\System32\ucrtbase.dll
0x00007ffd584a0000 - 0x00007ffd584bb000 	C:\Program Files\Java\jdk-20.0.2\bin\VCRUNTIME140.dll
0x00007ffd586d0000 - 0x00007ffd586e7000 	C:\Program Files\Java\jdk-20.0.2\bin\jli.dll
0x00007ffd60540000 - 0x00007ffd606de000 	C:\WINDOWS\System32\USER32.dll
0x00007ffd4be70000 - 0x00007ffd4c10a000 	C:\WINDOWS\WinSxS\amd64_microsoft.windows.common-controls_6595b64144ccf1df_6.0.19041.1110_none_60b5254171f9507e\COMCTL32.dll
0x00007ffd5fcf0000 - 0x00007ffd5fd12000 	C:\WINDOWS\System32\win32u.dll
0x00007ffd614d0000 - 0x00007ffd6156e000 	C:\WINDOWS\System32\msvcrt.dll
0x00007ffd61370000 - 0x00007ffd6139c000 	C:\WINDOWS\System32\GDI32.dll
0x00007ffd5fe30000 - 0x00007ffd5ff4a000 	C:\WINDOWS\System32\gdi32full.dll
0x00007ffd5fd20000 - 0x00007ffd5fdbd000 	C:\WINDOWS\System32\msvcp_win.dll
0x00007ffd606f0000 - 0x00007ffd60720000 	C:\WINDOWS\System32\IMM32.DLL
0x00007ffd58700000 - 0x00007ffd5870c000 	C:\Program Files\Java\jdk-20.0.2\bin\vcruntime140_1.dll
0x00007ffd1ac20000 - 0x00007ffd1acae000 	C:\Program Files\Java\jdk-20.0.2\bin\msvcp140.dll
0x00007ffcfe2a0000 - 0x00007ffcfef38000 	C:\Program Files\Java\jdk-20.0.2\bin\server\jvm.dll
0x00007ffd612c0000 - 0x00007ffd6136e000 	C:\WINDOWS\System32\ADVAPI32.dll
0x00007ffd60fb0000 - 0x00007ffd6104c000 	C:\WINDOWS\System32\sechost.dll
0x00007ffd60410000 - 0x00007ffd60536000 	C:\WINDOWS\System32\RPCRT4.dll
0x00007ffd5a200000 - 0x00007ffd5a20a000 	C:\WINDOWS\SYSTEM32\VERSION.dll
0x00007ffd531b0000 - 0x00007ffd531b9000 	C:\WINDOWS\SYSTEM32\WSOCK32.dll
0x00007ffd50af0000 - 0x00007ffd50b17000 	C:\WINDOWS\SYSTEM32\WINMM.dll
0x00007ffd62300000 - 0x00007ffd6236b000 	C:\WINDOWS\System32\WS2_32.dll
0x00007ffd5d570000 - 0x00007ffd5d582000 	C:\WINDOWS\SYSTEM32\kernel.appcore.dll
0x00007ffd50dc0000 - 0x00007ffd50dca000 	C:\Program Files\Java\jdk-20.0.2\bin\jimage.dll
0x00007ffd59300000 - 0x00007ffd594e4000 	C:\WINDOWS\SYSTEM32\DBGHELP.DLL
0x00007ffd59250000 - 0x00007ffd59284000 	C:\WINDOWS\SYSTEM32\dbgcore.DLL
0x00007ffd5ff50000 - 0x00007ffd5ffd2000 	C:\WINDOWS\System32\bcryptPrimitives.dll
0x00007ffd32720000 - 0x00007ffd32746000 	C:\Program Files\Java\jdk-20.0.2\bin\java.dll

dbghelp: loaded successfully - version: 4.0.5 - missing functions: none
symbol engine: initialized successfully - sym options: 0x614 - pdb path: .;C:\Program Files\Java\jdk-20.0.2\bin;C:\WINDOWS\SYSTEM32;C:\WINDOWS\WinSxS\amd64_microsoft.windows.common-controls_6595b64144ccf1df_6.0.19041.1110_none_60b5254171f9507e;C:\Program Files\Java\jdk-20.0.2\bin\server

VM Arguments:
jvm_args: -Dorg.gradle.internal.worker.tmpdir=C:\GradleProjects\Triangle-Tools\Triangle.Compiler\build\tmp\test\work -Dorg.gradle.native=false -Xmx512m -Dfile.encoding=UTF-8 -Duser.country=GB -Duser.language=en -Duser.variant -ea 
java_command: worker.org.gradle.process.internal.worker.GradleWorkerMain 'Gradle Test Executor 4'
java_class_path (initial): C:\\Users\\mih00082\\.gradle\\caches\\8.3\\workerMain\\gradle-worker.jar;C:\\GradleProjects\\Triangle-Tools\\Triangle.Compiler\\build\\classes\\java\\test;C:\\GradleProjects\\Triangle-Tools\\Triangle.Compiler\\build\\resources\\test;C:\\GradleProjects\\Triangle-Tools\\Triangle.Compiler\\build\\classes\\java\\main;C:\\GradleProjects\\Triangle-Tools\\Triangle.AbstractMachine\\build\\libs\\Triangle.AbstractMachine.jar;C:\\Users\\mih00082\\.gradle\\caches\\modules-2\\files-2.1\\junit\\junit\\4.13.2\\8ac9e16d933b6fb43bc7f576336b8f4d7eb5ba12\\junit-4.13.2.jar;C:\\Users\\mih00082\\.gradle\\caches\\modules-2\\files-2.1\\org.hamcrest\\hamcrest-core\\1.3\\42a25dc3219429f0e5d060061f71acb49bf010a0\\hamcrest-core-1.3.jar
Launcher Type: SUN_STANDARD

[Global flags]
     intx CICompilerCount                          = 4                                         {product} {ergonomic}
     uint ConcGCThreads                            = 2                                         {product} {ergonomic}
     uint G1ConcRefinementThreads                  = 8                                         {product} {ergonomic}
   size_t G1HeapRegionSize                         = 1048576                                   {product} {ergonomic}
    uintx GCDrainStackTargetSize                   = 64                                        {product} {ergonomic}
   size_t InitialHeapSize                          = 134217728                                 {product} {ergonomic}
   size_t MarkStackSize                            = 4194304                                   {product} {ergonomic}
   size_t MaxHeapSize                              = 536870912                                 {product} {command line}
   size_t MinHeapDeltaBytes                        = 1048576                                   {product} {ergonomic}
   size_t MinHeapSize                              = 8388608                                   {product} {ergonomic}
    uintx NonNMethodCodeHeapSize                   = 5839372                                {pd product} {ergonomic}
    uintx NonProfiledCodeHeapSize                  = 122909434                              {pd product} {ergonomic}
    uintx ProfiledCodeHeapSize                     = 122909434                              {pd product} {ergonomic}
    uintx ReservedCodeCacheSize                    = 251658240                              {pd product} {ergonomic}
     bool SegmentedCodeCache                       = true                                      {product} {ergonomic}
   size_t SoftMaxHeapSize                          = 536870912                              {manageable} {ergonomic}
     bool UseCompressedClassPointers               = true                           {product lp64_product} {ergonomic}
     bool UseCompressedOops                        = true                           {product lp64_product} {ergonomic}
     bool UseG1GC                                  = true                                      {product} {ergonomic}
     bool UseLargePagesIndividualAllocation        = false                                  {pd product} {ergonomic}

Logging:
Log output configuration:
 #0: stdout all=warning uptime,level,tags foldmultilines=false
 #1: stderr all=off uptime,level,tags foldmultilines=false

Environment Variables:
JAVA_HOME=C:\Program Files\Eclipse Adoptium\jdk-8.0.382.5-hotspot\
CLASSPATH=C:\Gradle\lib\gradle-launcher-8.3.jar
PATH=C:\Program Files\Eclipse Adoptium\jdk-8.0.382.5-hotspot\bin;C:\Windows\system32;C:\Windows;C:\Windows\System32\Wbem;C:\Windows\System32\WindowsPowerShell\v1.0\;C:\Windows\System32\OpenSSH\;C:\Program Files (x86)\NVIDIA Corporation\PhysX\Common;C:\WINDOWS\system32;C:\WINDOWS;C:\WINDOWS\System32\Wbem;C:\WINDOWS\System32\WindowsPowerShell\v1.0\;C:\WINDOWS\System32\OpenSSH\;C:\condor\bin\;C:\Program Files\PuTTY\;C:\Gradle\bin;C:\Program Files\Git\cmd;C:\Program Files\Microsoft VS Code\bin;C:\Users\mih00082\AppData\Local\Microsoft\WindowsApps;
USERNAME=mih00082
OS=Windows_NT
PROCESSOR_IDENTIFIER=Intel64 Family 6 Model 94 Stepping 3, GenuineIntel
TMP=C:\Users\mih00082\AppData\Local\Temp
TEMP=C:\Users\mih00082\AppData\Local\Temp




---------------  S Y S T E M  ---------------

OS:
 Windows 10 , 64 bit Build 19041 (10.0.19041.3393)
OS uptime: 13 days 17:24 hours

CPU: total 8 (initial active 8) (4 cores per cpu, 2 threads per core) family 6 model 94 stepping 3 microcode 0xcc, cx8, cmov, fxsr, ht, mmx, 3dnowpref, sse, sse2, sse3, ssse3, sse4.1, sse4.2, popcnt, lzcnt, tsc, tscinvbit, avx, avx2, aes, erms, clmul, bmi1, bmi2, rtm, adx, fma, vzeroupper, clflush, clflushopt, rdtscp, f16c

Memory: 4k page, system-wide physical 8158M (894M free)
TotalPageFile size 10206M (AvailPageFile size 310M)
current process WorkingSet (physical memory assigned to process): 9M, peak: 9M
current process commit charge ("private bytes"): 14M, peak: 15M

vm_info: OpenJDK 64-Bit Server VM (20.0.2+9-78) for windows-amd64 JRE (20.0.2+9-78), built on 2023-06-14T10:08:48Z by "mach5one" with MS VC++ 17.1 (VS2022)

END.
